<?xml version="1.0" encoding="UTF-8"?>
<testsuite xmlns:xsi="http://www.w3.org/2001/XMLSchema-instance" xsi:noNamespaceSchemaLocation="https://maven.apache.org/surefire/maven-surefire-plugin/xsd/surefire-test-report-3.0.xsd" version="3.0" name="com.zemenbank.amortization.service.VatRoundingTest" time="0.006" tests="4" errors="0" skipped="0" failures="0">
  <properties>
[...]
</properties>
  <testcase name="grossRent_2608_70_beforeVat_roundsTo3000" classname="com.zemenbank.amortization.service.VatRoundingTest" time="0.002"/>
  <testcase name="grossRent_6086_96_beforeVat_roundsTo7000" classname="com.zemenbank.amortization.service.VatRoundingTest" time="0.001"/>
  <testcase name="grossRent_19130_43_beforeVat_roundsTo22000" classname="com.zemenbank.amortization.service.VatRoundingTest" time="0.0"/>
  <testcase name="priceAfterVat_matchesMonthlyWhenMeterSquareIsOne" classname="com.zemenbank.amortization.service.VatRoundingTest" time="0.0"/>
</testsuite>